<?xml version="1.0" encoding="UTF-8"?>
<!-- Generated by org.testng.reporters.JUnitReportReporter -->
<testsuite hostname="LAPTOP-CVR9HVBP" failures="0" tests="5" name="Tests.test_chrome" time="534.856" errors="0" timestamp="2020-03-27T00:06:57 IST" skipped="0">
  <testcase classname="Tests.test_chrome" name="f" time="93.878"/>
  <testcase classname="Tests.test_chrome" name="f" time="137.470"/>
  <testcase classname="Tests.test_chrome" name="f" time="106.748"/>
  <testcase classname="Tests.test_chrome" name="f" time="97.801"/>
  <testcase classname="Tests.test_chrome" name="f" time="98.959"/>
</testsuite> <!-- Tests.test_chrome -->
